<?xml version="1.0" encoding="UTF-8"?>
<!-- Generated by org.testng.reporters.JUnitXMLReporter -->
<testsuite ignored="0" hostname="LAPTOP-PF26IT9U" failures="0" tests="7" name="Test" time="40.723" errors="0" timestamp="2025-12-26T08:28:44 IST">
  <testcase classname="com.crumhealthtest.test.VerifyUserLoginTest" name="loginWithInalidUsernamePassword" time="1.498"/>
  <testcase classname="com.crumhealthtest.test.VerifyUserLoginTest" name="loginWithInvalidUsernameValidPassword" time="1.486"/>
  <testcase classname="com.crumhealthtest.test.VerifyUserLoginTest" name="loginWithValidUsernameInvalidPassword" time="1.48"/>
  <testcase classname="com.crumhealthtest.test.VerifyUserLoginTest" name="loginWithValidUsernamePassword" time="1.709"/>
  <testcase classname="com.crumhealthtest.test.VerifyUserLoginTest" name="loginWithoutUsernamePassword" time="1.516"/>
  <testcase classname="com.crumhealthtest.test.VerifyUserLoginTest" name="passwordMasking" time="0.596"/>
  <testcase classname="com.crumhealthtest.test.BookAppointmentTest" name="bookAppointment" time="2.266"/>
</testsuite> <!-- Test -->
