<?xml version="1.0" encoding="UTF-8"?>
<!-- Generated by org.testng.reporters.JUnitXMLReporter -->
<testsuite ignored="0" hostname="LAPTOP-PF26IT9U" failures="1" tests="1" name="Test" time="7.2" errors="0" timestamp="2025-05-06T10:59:21 IST">
  <testcase classname="com.crumhealthtest.test.Rough" name="loginWithoutUsernameWithPassword" time="1.56">
    <failure type="java.lang.AssertionError" message="expected [] but found [Login failed! Please ensure the username and password are valid.]">
      <![CDATA[java.lang.AssertionError: expected [] but found [Login failed! Please ensure the username and password are valid.]
at com.crumhealthtest.test.Rough.loginWithoutUsernameWithPassword(Rough.java:14)
at java.base/java.util.ArrayList.forEach(ArrayList.java:1596)
... Removed 31 stack frames]]>
    </failure>
  </testcase> <!-- loginWithoutUsernameWithPassword -->
</testsuite> <!-- Test -->
