<?xml version="1.0" encoding="UTF-8"?>
<!-- Generated by org.testng.reporters.JUnitXMLReporter -->
<testsuite ignored="0" hostname="LAPTOP-PF26IT9U" failures="0" tests="7" name="Test" time="45.643" errors="0" timestamp="2025-12-26T08:54:15 IST">
  <testcase classname="com.crumhealthtest.test.VerifyUserLoginTest" name="loginWithInalidUsernamePassword" time="1.577"/>
  <testcase classname="com.crumhealthtest.test.VerifyUserLoginTest" name="loginWithInvalidUsernameValidPassword" time="1.556"/>
  <testcase classname="com.crumhealthtest.test.VerifyUserLoginTest" name="loginWithValidUsernameInvalidPassword" time="1.495"/>
  <testcase classname="com.crumhealthtest.test.VerifyUserLoginTest" name="loginWithValidUsernamePassword" time="1.616"/>
  <testcase classname="com.crumhealthtest.test.VerifyUserLoginTest" name="loginWithoutUsernamePassword" time="1.485"/>
  <testcase classname="com.crumhealthtest.test.VerifyUserLoginTest" name="passwordMasking" time="1.036"/>
  <testcase classname="com.crumhealthtest.test.BookAppointmentTest" name="bookAppointment" time="2.994"/>
</testsuite> <!-- Test -->
