<?xml version="1.0" encoding="UTF-8"?>
<testng-results ignored="0" total="7" passed="7" failed="0" skipped="0">
  <reporter-output>
  </reporter-output>
  <suite started-at="2025-12-26T08:28:03 IST" name="Suite" finished-at="2025-12-26T08:28:44 IST" duration-ms="40723">
    <groups>
    </groups>
    <test started-at="2025-12-26T08:28:03 IST" name="Test" finished-at="2025-12-26T08:28:44 IST" duration-ms="40723">
      <class name="com.crumhealthtest.test.BookAppointmentTest">
        <test-method is-config="true" signature="launchApp()[pri:0, instance:com.crumhealthtest.test.BookAppointmentTest@496bc455]" started-at="2025-12-26T08:28:37 IST" name="launchApp" finished-at="2025-12-26T08:28:41 IST" duration-ms="4424" status="PASS">
          <reporter-output>
          </reporter-output>
        </test-method> <!-- launchApp -->
        <test-method signature="bookAppointment()[pri:0, instance:com.crumhealthtest.test.BookAppointmentTest@496bc455]" started-at="2025-12-26T08:28:41 IST" name="bookAppointment" finished-at="2025-12-26T08:28:44 IST" duration-ms="2266" status="PASS">
          <reporter-output>
          </reporter-output>
        </test-method> <!-- bookAppointment -->
        <test-method is-config="true" signature="Close()[pri:0, instance:com.crumhealthtest.test.BookAppointmentTest@496bc455]" started-at="2025-12-26T08:28:44 IST" name="Close" finished-at="2025-12-26T08:28:44 IST" duration-ms="83" status="PASS">
          <reporter-output>
          </reporter-output>
        </test-method> <!-- Close -->
      </class> <!-- com.crumhealthtest.test.BookAppointmentTest -->
      <class name="com.crumhealthtest.test.VerifyUserLoginTest">
        <test-method is-config="true" signature="launchApp()[pri:0, instance:com.crumhealthtest.test.VerifyUserLoginTest@cc43f62]" started-at="2025-12-26T08:28:03 IST" name="launchApp" finished-at="2025-12-26T08:28:08 IST" duration-ms="5057" status="PASS">
          <reporter-output>
          </reporter-output>
        </test-method> <!-- launchApp -->
        <test-method signature="loginWithInalidUsernamePassword()[pri:0, instance:com.crumhealthtest.test.VerifyUserLoginTest@cc43f62]" started-at="2025-12-26T08:28:08 IST" name="loginWithInalidUsernamePassword" finished-at="2025-12-26T08:28:10 IST" duration-ms="1498" status="PASS">
          <reporter-output>
          </reporter-output>
        </test-method> <!-- loginWithInalidUsernamePassword -->
        <test-method is-config="true" signature="Close()[pri:0, instance:com.crumhealthtest.test.VerifyUserLoginTest@cc43f62]" started-at="2025-12-26T08:28:10 IST" name="Close" finished-at="2025-12-26T08:28:10 IST" duration-ms="56" status="PASS">
          <reporter-output>
          </reporter-output>
        </test-method> <!-- Close -->
        <test-method is-config="true" signature="launchApp()[pri:0, instance:com.crumhealthtest.test.VerifyUserLoginTest@cc43f62]" started-at="2025-12-26T08:28:10 IST" name="launchApp" finished-at="2025-12-26T08:28:14 IST" duration-ms="4006" status="PASS">
          <reporter-output>
          </reporter-output>
        </test-method> <!-- launchApp -->
        <test-method signature="loginWithInvalidUsernameValidPassword()[pri:0, instance:com.crumhealthtest.test.VerifyUserLoginTest@cc43f62]" started-at="2025-12-26T08:28:14 IST" name="loginWithInvalidUsernameValidPassword" finished-at="2025-12-26T08:28:15 IST" duration-ms="1486" status="PASS">
          <reporter-output>
          </reporter-output>
        </test-method> <!-- loginWithInvalidUsernameValidPassword -->
        <test-method is-config="true" signature="Close()[pri:0, instance:com.crumhealthtest.test.VerifyUserLoginTest@cc43f62]" started-at="2025-12-26T08:28:15 IST" name="Close" finished-at="2025-12-26T08:28:15 IST" duration-ms="98" status="PASS">
          <reporter-output>
          </reporter-output>
        </test-method> <!-- Close -->
        <test-method is-config="true" signature="launchApp()[pri:0, instance:com.crumhealthtest.test.VerifyUserLoginTest@cc43f62]" started-at="2025-12-26T08:28:15 IST" name="launchApp" finished-at="2025-12-26T08:28:19 IST" duration-ms="3906" status="PASS">
          <reporter-output>
          </reporter-output>
        </test-method> <!-- launchApp -->
        <test-method signature="loginWithValidUsernameInvalidPassword()[pri:0, instance:com.crumhealthtest.test.VerifyUserLoginTest@cc43f62]" started-at="2025-12-26T08:28:19 IST" name="loginWithValidUsernameInvalidPassword" finished-at="2025-12-26T08:28:21 IST" duration-ms="1480" status="PASS">
          <reporter-output>
          </reporter-output>
        </test-method> <!-- loginWithValidUsernameInvalidPassword -->
        <test-method is-config="true" signature="Close()[pri:0, instance:com.crumhealthtest.test.VerifyUserLoginTest@cc43f62]" started-at="2025-12-26T08:28:21 IST" name="Close" finished-at="2025-12-26T08:28:21 IST" duration-ms="43" status="PASS">
          <reporter-output>
          </reporter-output>
        </test-method> <!-- Close -->
        <test-method is-config="true" signature="launchApp()[pri:0, instance:com.crumhealthtest.test.VerifyUserLoginTest@cc43f62]" started-at="2025-12-26T08:28:21 IST" name="launchApp" finished-at="2025-12-26T08:28:25 IST" duration-ms="4059" status="PASS">
          <reporter-output>
          </reporter-output>
        </test-method> <!-- launchApp -->
        <test-method signature="loginWithValidUsernamePassword()[pri:0, instance:com.crumhealthtest.test.VerifyUserLoginTest@cc43f62]" started-at="2025-12-26T08:28:25 IST" name="loginWithValidUsernamePassword" finished-at="2025-12-26T08:28:26 IST" duration-ms="1709" status="PASS">
          <reporter-output>
          </reporter-output>
        </test-method> <!-- loginWithValidUsernamePassword -->
        <test-method is-config="true" signature="Close()[pri:0, instance:com.crumhealthtest.test.VerifyUserLoginTest@cc43f62]" started-at="2025-12-26T08:28:26 IST" name="Close" finished-at="2025-12-26T08:28:26 IST" duration-ms="30" status="PASS">
          <reporter-output>
          </reporter-output>
        </test-method> <!-- Close -->
        <test-method is-config="true" signature="launchApp()[pri:0, instance:com.crumhealthtest.test.VerifyUserLoginTest@cc43f62]" started-at="2025-12-26T08:28:26 IST" name="launchApp" finished-at="2025-12-26T08:28:30 IST" duration-ms="3947" status="PASS">
          <reporter-output>
          </reporter-output>
        </test-method> <!-- launchApp -->
        <test-method signature="loginWithoutUsernamePassword()[pri:0, instance:com.crumhealthtest.test.VerifyUserLoginTest@cc43f62]" started-at="2025-12-26T08:28:30 IST" name="loginWithoutUsernamePassword" finished-at="2025-12-26T08:28:32 IST" duration-ms="1516" status="PASS">
          <reporter-output>
          </reporter-output>
        </test-method> <!-- loginWithoutUsernamePassword -->
        <test-method is-config="true" signature="Close()[pri:0, instance:com.crumhealthtest.test.VerifyUserLoginTest@cc43f62]" started-at="2025-12-26T08:28:32 IST" name="Close" finished-at="2025-12-26T08:28:32 IST" duration-ms="73" status="PASS">
          <reporter-output>
          </reporter-output>
        </test-method> <!-- Close -->
        <test-method is-config="true" signature="launchApp()[pri:0, instance:com.crumhealthtest.test.VerifyUserLoginTest@cc43f62]" started-at="2025-12-26T08:28:32 IST" name="launchApp" finished-at="2025-12-26T08:28:36 IST" duration-ms="4253" status="PASS">
          <reporter-output>
          </reporter-output>
        </test-method> <!-- launchApp -->
        <test-method signature="passwordMasking()[pri:0, instance:com.crumhealthtest.test.VerifyUserLoginTest@cc43f62]" started-at="2025-12-26T08:28:36 IST" name="passwordMasking" finished-at="2025-12-26T08:28:37 IST" duration-ms="596" status="PASS">
          <reporter-output>
          </reporter-output>
        </test-method> <!-- passwordMasking -->
        <test-method is-config="true" signature="Close()[pri:0, instance:com.crumhealthtest.test.VerifyUserLoginTest@cc43f62]" started-at="2025-12-26T08:28:37 IST" name="Close" finished-at="2025-12-26T08:28:37 IST" duration-ms="86" status="PASS">
          <reporter-output>
          </reporter-output>
        </test-method> <!-- Close -->
      </class> <!-- com.crumhealthtest.test.VerifyUserLoginTest -->
    </test> <!-- Test -->
  </suite> <!-- Suite -->
</testng-results>
