<?xml version="1.0" encoding="UTF-8"?>
<!-- Generated by org.testng.reporters.JUnitReportReporter -->
<testsuite hostname="LAPTOP-PF26IT9U" failures="0" tests="7" name="Crumhealth.crumhealthtest.VerifyUserLogin" time="88.586" errors="0" timestamp="2025-04-30T08:13:10 IST" skipped="0">
  <testcase classname="Crumhealth.crumhealthtest.VerifyUserLogin" name="loginWithoutUsernamePassword" time="27.433"/>
  <testcase classname="Crumhealth.crumhealthtest.VerifyUserLogin" name="loginWithInalidUsernamePassword" time="6.343"/>
  <testcase classname="Crumhealth.crumhealthtest.VerifyUserLogin" name="loginWithValidUsernameInvalidPassword" time="7.222"/>
  <testcase classname="Crumhealth.crumhealthtest.VerifyUserLogin" name="loginWithValidUsernamePassword" time="7.562"/>
  <testcase classname="Crumhealth.crumhealthtest.VerifyUserLogin" name="loginWithoutUsernameWithPassword" time="6.592"/>
  <testcase classname="Crumhealth.crumhealthtest.VerifyUserLogin" name="loginWithInvalidUsernameValidPassword" time="27.519"/>
  <testcase classname="Crumhealth.crumhealthtest.VerifyUserLogin" name="loginWithUsernameWithoutPassword" time="5.915"/>
</testsuite> <!-- Crumhealth.crumhealthtest.VerifyUserLogin -->
