<?xml version="1.0" encoding="UTF-8"?>
<!-- Generated by org.testng.reporters.JUnitReportReporter -->
<testsuite hostname="LAPTOP-PF26IT9U" failures="1" tests="7" name="com.crumhealthtest.test.VerifyUserLogin" time="49.687" errors="0" timestamp="2025-05-06T10:57:26 IST" skipped="0">
  <testcase classname="com.crumhealthtest.test.VerifyUserLogin" name="loginWithValidUsernameInvalidPassword" time="6.450"/>
  <testcase classname="com.crumhealthtest.test.VerifyUserLogin" name="loginWithValidUsernamePassword" time="7.169"/>
  <testcase classname="com.crumhealthtest.test.VerifyUserLogin" name="loginWithInvalidUsernameValidPassword" time="9.517">
    <failure message="expected [ogin failed! Please ensure the username and password are valid.] but found [Login failed! Please ensure the username and password are valid.]" type="java.lang.AssertionError">
      <![CDATA[java.lang.AssertionError: expected [ogin failed! Please ensure the username and password are valid.] but found [Login failed! Please ensure the username and password are valid.]
at org.testng.Assert.fail(Assert.java:111)
at org.testng.Assert.failNotEquals(Assert.java:1578)
at org.testng.Assert.assertEqualsImpl(Assert.java:150)
at org.testng.Assert.assertEquals(Assert.java:132)
at org.testng.Assert.assertEquals(Assert.java:656)
at org.testng.Assert.assertEquals(Assert.java:666)
at com.crumhealthtest.test.VerifyUserLogin.loginWithInvalidUsernameValidPassword(VerifyUserLogin.java:54)
at java.base/jdk.internal.reflect.DirectMethodHandleAccessor.invoke(DirectMethodHandleAccessor.java:103)
at java.base/java.lang.reflect.Method.invoke(Method.java:580)
at org.testng.internal.invokers.MethodInvocationHelper.invokeMethod(MethodInvocationHelper.java:141)
at org.testng.internal.invokers.TestInvoker.invokeMethod(TestInvoker.java:686)
at org.testng.internal.invokers.TestInvoker.invokeTestMethod(TestInvoker.java:230)
at org.testng.internal.invokers.MethodRunner.runInSequence(MethodRunner.java:63)
at org.testng.internal.invokers.TestInvoker$MethodInvocationAgent.invoke(TestInvoker.java:992)
at org.testng.internal.invokers.TestInvoker.invokeTestMethods(TestInvoker.java:203)
at org.testng.internal.invokers.TestMethodWorker.invokeTestMethods(TestMethodWorker.java:154)
at org.testng.internal.invokers.TestMethodWorker.run(TestMethodWorker.java:134)
at java.base/java.util.ArrayList.forEach(ArrayList.java:1596)
at org.testng.TestRunner.privateRun(TestRunner.java:739)
at org.testng.TestRunner.run(TestRunner.java:614)
at org.testng.SuiteRunner.runTest(SuiteRunner.java:421)
at org.testng.SuiteRunner.runSequentially(SuiteRunner.java:413)
at org.testng.SuiteRunner.privateRun(SuiteRunner.java:373)
at org.testng.SuiteRunner.run(SuiteRunner.java:312)
at org.testng.SuiteRunnerWorker.runSuite(SuiteRunnerWorker.java:52)
at org.testng.SuiteRunnerWorker.run(SuiteRunnerWorker.java:95)
at org.testng.TestNG.runSuitesSequentially(TestNG.java:1274)
at org.testng.TestNG.runSuitesLocally(TestNG.java:1208)
at org.testng.TestNG.runSuites(TestNG.java:1112)
at org.testng.TestNG.run(TestNG.java:1079)
at org.testng.remote.AbstractRemoteTestNG.run(AbstractRemoteTestNG.java:115)
at org.testng.remote.RemoteTestNG.initAndRun(RemoteTestNG.java:293)
at org.testng.remote.RemoteTestNG.main(RemoteTestNG.java:91)
]]>
    </failure>
  </testcase> <!-- loginWithInvalidUsernameValidPassword -->
  <testcase classname="com.crumhealthtest.test.VerifyUserLogin" name="loginWithoutUsernameWithPassword" time="8.187"/>
  <testcase classname="com.crumhealthtest.test.VerifyUserLogin" name="loginWithUsernameWithoutPassword" time="6.136"/>
  <testcase classname="com.crumhealthtest.test.VerifyUserLogin" name="loginWithoutUsernamePassword" time="6.108"/>
  <testcase classname="com.crumhealthtest.test.VerifyUserLogin" name="loginWithInalidUsernamePassword" time="6.120"/>
</testsuite> <!-- com.crumhealthtest.test.VerifyUserLogin -->
