<?xml version="1.0" encoding="UTF-8"?>
<!-- Generated by org.testng.reporters.JUnitReportReporter -->
<testsuite hostname="LAPTOP-PF26IT9U" failures="0" tests="6" name="com.crumhealthtest.test.VerifyUserLoginTest" time="33.899" errors="0" timestamp="2025-12-26T08:28:44 IST" skipped="0">
  <testcase classname="com.crumhealthtest.test.VerifyUserLoginTest" name="loginWithInvalidUsernameValidPassword" time="5.769"/>
  <testcase classname="com.crumhealthtest.test.VerifyUserLoginTest" name="loginWithValidUsernameInvalidPassword" time="5.542"/>
  <testcase classname="com.crumhealthtest.test.VerifyUserLoginTest" name="loginWithValidUsernamePassword" time="5.811"/>
  <testcase classname="com.crumhealthtest.test.VerifyUserLoginTest" name="loginWithoutUsernamePassword" time="6.659"/>
  <testcase classname="com.crumhealthtest.test.VerifyUserLoginTest" name="loginWithInalidUsernamePassword" time="5.543"/>
  <testcase classname="com.crumhealthtest.test.VerifyUserLoginTest" name="passwordMasking" time="4.575"/>
</testsuite> <!-- com.crumhealthtest.test.VerifyUserLoginTest -->
