<?xml version="1.0" encoding="UTF-8"?>
<!-- Generated by org.testng.reporters.JUnitReportReporter -->
<testsuite hostname="LAPTOP-PF26IT9U" failures="0" tests="6" name="com.crumhealthtest.test.VerifyUserLogin" time="64.072" errors="0" timestamp="2025-12-09T10:40:43 IST" skipped="0">
  <testcase classname="com.crumhealthtest.test.VerifyUserLogin" name="loginWithInalidUsernamePassword" time="7.560"/>
  <testcase classname="com.crumhealthtest.test.VerifyUserLogin" name="passwordMasking" time="9.465"/>
  <testcase classname="com.crumhealthtest.test.VerifyUserLogin" name="loginWithInvalidUsernameValidPassword" time="8.546"/>
  <testcase classname="com.crumhealthtest.test.VerifyUserLogin" name="loginWithValidUsernameInvalidPassword" time="14.445"/>
  <testcase classname="com.crumhealthtest.test.VerifyUserLogin" name="loginWithoutUsernamePassword" time="13.938"/>
  <testcase classname="com.crumhealthtest.test.VerifyUserLogin" name="loginWithValidUsernamePassword" time="10.118"/>
</testsuite> <!-- com.crumhealthtest.test.VerifyUserLogin -->
