<?xml version="1.0" encoding="UTF-8"?>
<!-- Generated by org.testng.reporters.JUnitReportReporter -->
<testsuite hostname="LAPTOP-PF26IT9U" failures="0" tests="6" name="com.crumhealthtest.test.VerifyUserLoginTest" time="37.032" errors="0" timestamp="2025-12-26T08:54:15 IST" skipped="0">
  <testcase classname="com.crumhealthtest.test.VerifyUserLoginTest" name="loginWithInvalidUsernameValidPassword" time="6.047"/>
  <testcase classname="com.crumhealthtest.test.VerifyUserLoginTest" name="loginWithInalidUsernamePassword" time="7.173"/>
  <testcase classname="com.crumhealthtest.test.VerifyUserLoginTest" name="loginWithValidUsernamePassword" time="6.329"/>
  <testcase classname="com.crumhealthtest.test.VerifyUserLoginTest" name="loginWithoutUsernamePassword" time="5.631"/>
  <testcase classname="com.crumhealthtest.test.VerifyUserLoginTest" name="passwordMasking" time="5.424"/>
  <testcase classname="com.crumhealthtest.test.VerifyUserLoginTest" name="loginWithValidUsernameInvalidPassword" time="6.428"/>
</testsuite> <!-- com.crumhealthtest.test.VerifyUserLoginTest -->
